<?xml version="1.0" encoding="UTF-8" ?>
<testsuite errors="0" failures="0" name="com.tradewright.tradebuild.tickutils.TickDataEncoderATest" tests="1" time="0.078">
  <properties>
    <property name="netbeans.autoupdate.country" value="GB"></property>
    <property name="Env-TMP" value="C:\DOCUME~1\RLK\LOCALS~1\Temp"></property>
    <property name="javax.xml.parsers.SAXParserFactory" value="org.netbeans.core.startup.SAXFactoryImpl"></property>
    <property name="javac.test.classpath" value=":build/classes:C:\Program Files\netbeans-5.5\ide7\modules\ext\junit-3.8.1.jar"></property>
    <property name="org.openide.TopManager.GUI" value="true"></property>
    <property name="libs.theme-default.classpath" value="C:\Program Files\netbeans-5.5\rave2.0\modules\ext\defaulttheme.jar"></property>
    <property name="libs.junit.javadoc" value="C:\Program Files\netbeans-5.5\ide7\docs\junit-3.8.1-api.zip"></property>
    <property name="javac.includes" value="com/tradewright/tradebuild/tickutils/TickDataEncoderATest.java"></property>
    <property name="Env-INCLUDE" value="C:\Program Files\Microsoft Visual Studio\VC98\atl\include;C:\Program Files\Microsoft Visual Studio\VC98\mfc\include;C:\Program Files\Microsoft Visual Studio .NET 2003\SDK\v1.1\include\;C:\Program Files\Microsoft Visual Studio\VC98\Include"></property>
    <property name="javadoc.windowtitle" value=""></property>
    <property name="libs.toplink.classpath" value="C:\Program Files\netbeans-5.5\enterprise3\modules\ext\toplink\toplink-essentials.jar;C:\Program Files\netbeans-5.5\enterprise3\modules\ext\toplink\toplink-essentials-agent.jar"></property>
    <property name="user.dir" value="C:\Projects\TradeBuildJ\TickUtils"></property>
    <property name="libs.theme-default-green.classpath" value="C:\Program Files\netbeans-5.5\rave2.0\modules\ext\defaulttheme-green.jar"></property>
    <property name="java.vm.version" value="1.6.0-b105"></property>
    <property name="libs.jsf-runtime.classpath" value="C:\Program Files\netbeans-5.5\rave2.0\modules\ext\jsf-api.jar;C:\Program Files\netbeans-5.5\rave2.0\modules\ext\jsf-impl.jar;C:\Program Files\netbeans-5.5\rave2.0\modules\ext\commons-beanutils.jar;C:\Program Files\netbeans-5.5\rave2.0\modules\ext\commons-collections.jar;C:\Program Files\netbeans-5.5\rave2.0\modules\ext\commons-digester.jar;C:\Program Files\netbeans-5.5\ide7\modules\ext\commons-logging-1.0.4.jar"></property>
    <property name="env-path" value="C:\WINDOWS\system32;C:\WINDOWS;C:\WINDOWS\System32\Wbem;C:\Program Files\Common Files\Adaptec Shared\System;C:\Program Files\Microsoft SQL Server\80\Tools\BINN;c:\Program Files\Microsoft SQL Server\90\Tools\binn\;C:\Program Files\MySQL\MySQL Server 5.0\bin;C:\Program Files\Microsoft Visual Studio\VC98\Bin;C:\Program Files\Microsoft Visual Studio\VB98;C:\Program Files\Microsoft Visual Studio\VC98\Include;C:\Program Files\Visual Haskell\bin;C:\Program Files\Visual Haskell\gcc-lib;C:\Jts;C:\Program Files\Smart Projects\IsoBuster;C:\Program Files\Sandcastle\ProductionTools\;C:\Program Files\Microsoft Visual Studio\Common\Tools\WinNT;C:\Program Files\Microsoft Visual Studio\Common\Tools;C:\Program Files\Microsoft Visual Studio\VC98\bin;C:\WINDOWS\Microsoft.NET\Framework\v2.0.50727;C:\Program Files\Microsoft Visual Studio 8\SDK\v2.0\Bin;C:\cygwin\bin"></property>
    <property name="libs.jaxb20.classpath" value="C:\Program Files\netbeans-5.5\ide7\modules\ext\jaxws20\activation.jar;C:\Program Files\netbeans-5.5\ide7\modules\ext\jaxws20\jaxb-api.jar;C:\Program Files\netbeans-5.5\ide7\modules\ext\jaxws20\jaxb-impl.jar;C:\Program Files\netbeans-5.5\ide7\modules\ext\jaxws20\jaxb-xjc.jar;C:\Program Files\netbeans-5.5\ide7\modules\ext\jaxws20\jsr173_api.jar"></property>
    <property name="libs.jstl11.src" value=""></property>
    <property name="javadoc.notree" value="false"></property>
    <property name="netbeans.autoupdate.version" value="1.20"></property>
    <property name="libs.jaxrpc16.src" value=""></property>
    <property name="env-computername" value="GIGI"></property>
    <property name="jdk.home" value="C:\Program Files\Java\jdk1.6.0"></property>
    <property name="wsclientuptodate.classpath" value="C:\Program Files\netbeans-5.5\enterprise3\ant\extra\wsclientuptodate.jar"></property>
    <property name="javadoc.noindex" value="false"></property>
    <property name="libs.theme-default-green.runtime" value="C:\Program Files\netbeans-5.5\rave2.0\modules\ext\defaulttheme-green.jar"></property>
    <property name="sun.os.patch.level" value="Service Pack 2"></property>
    <property name="libs.theme-default-gray.runtime" value="C:\Program Files\netbeans-5.5\rave2.0\modules\ext\defaulttheme-gray.jar"></property>
    <property name="java.vm.specification.name" value="Java Virtual Machine Specification"></property>
    <property name="libs.jdbcsupport-runtime.classpath" value="C:\Program Files\netbeans-5.5\rave2.0\modules\ext\rowset.jar;C:\Program Files\netbeans-5.5\rave2.0\modules\ext\sqlx.jar"></property>
    <property name="netbeans.autoupdate.variant" value=""></property>
    <property name="have.tests" value="true"></property>
    <property name="env-os" value="Windows_NT"></property>
    <property name="libs.jdbcsupport-designtime.classpath" value="C:\Program Files\netbeans-5.5\rave2.0\modules\ext\rowset.jar;C:\Program Files\netbeans-5.5\rave2.0\modules\ext\sqlx.jar"></property>
    <property name="org.xml.sax.driver" value="com.sun.org.apache.xerces.internal.jaxp.SAXParserImpl$JAXPSAXParser"></property>
    <property name="ant.file.TickUtils-impl" value="C:\Projects\TradeBuildJ\TickUtils\nbproject\build-impl.xml"></property>
    <property name="os.name" value="Windows XP"></property>
    <property name="env-processor_revision" value="0204"></property>
    <property name="libs.jaxrpc16.classpath" value="C:\Program Files\netbeans-5.5\ide7\modules\ext\jaxrpc16\activation.jar;C:\Program Files\netbeans-5.5\ide7\modules\ext\jaxrpc16\FastInfoset.jar;C:\Program Files\netbeans-5.5\ide7\modules\ext\jaxrpc16\jax-qname.jar;C:\Program Files\netbeans-5.5\ide7\modules\ext\jaxrpc16\jaxp-api.jar;C:\Program Files\netbeans-5.5\ide7\modules\ext\jaxrpc16\jaxrpc-api.jar;C:\Program Files\netbeans-5.5\ide7\modules\ext\jaxrpc16\jaxrpc-impl.jar;C:\Program Files\netbeans-5.5\ide7\modules\ext\jaxrpc16\jaxrpc-spi.jar;C:\Program Files\netbeans-5.5\ide7\modules\ext\jaxrpc16\jsr173_api.jar;C:\Program Files\netbeans-5.5\ide7\modules\ext\jaxrpc16\mail.jar;C:\Program Files\netbeans-5.5\ide7\modules\ext\jaxrpc16\relaxngDatatype.jar;C:\Program Files\netbeans-5.5\ide7\modules\ext\jaxrpc16\saaj-api.jar;C:\Program Files\netbeans-5.5\ide7\modules\ext\jaxrpc16\saaj-impl.jar;C:\Program Files\netbeans-5.5\ide7\modules\ext\jaxrpc16\xsdlib.jar"></property>
    <property name="rave.build" value="thresher-fcs"></property>
    <property name="Env-USERDNSDOMAIN" value="AULTAN.COM"></property>
    <property name="java.vendor.url.bug" value="http://java.sun.com/cgi-bin/bugreport.cgi"></property>
    <property name="os.arch" value="x86"></property>
    <property name="user.name" value="RLK"></property>
    <property name="build.classes.dir" value="build/classes"></property>
    <property name="netbeans.accept_license_class" value="org.netbeans.license.AcceptLicense"></property>
    <property name="build.sysclasspath" value="ignore"></property>
    <property name="Env-Path" value="C:\WINDOWS\system32;C:\WINDOWS;C:\WINDOWS\System32\Wbem;C:\Program Files\Common Files\Adaptec Shared\System;C:\Program Files\Microsoft SQL Server\80\Tools\BINN;c:\Program Files\Microsoft SQL Server\90\Tools\binn\;C:\Program Files\MySQL\MySQL Server 5.0\bin;C:\Program Files\Microsoft Visual Studio\VC98\Bin;C:\Program Files\Microsoft Visual Studio\VB98;C:\Program Files\Microsoft Visual Studio\VC98\Include;C:\Program Files\Visual Haskell\bin;C:\Program Files\Visual Haskell\gcc-lib;C:\Jts;C:\Program Files\Smart Projects\IsoBuster;C:\Program Files\Sandcastle\ProductionTools\;C:\Program Files\Microsoft Visual Studio\Common\Tools\WinNT;C:\Program Files\Microsoft Visual Studio\Common\Tools;C:\Program Files\Microsoft Visual Studio\VC98\bin;C:\WINDOWS\Microsoft.NET\Framework\v2.0.50727;C:\Program Files\Microsoft Visual Studio 8\SDK\v2.0\Bin;C:\cygwin\bin"></property>
    <property name="env-systemroot" value="C:\WINDOWS"></property>
    <property name="javax.xml.parsers.DocumentBuilderFactory" value="org.netbeans.core.startup.DOMFactoryImpl"></property>
    <property name="user.country" value="GB"></property>
    <property name="libs.commons-logging-1-0-4.javadoc" value=""></property>
    <property name="libs.jstl11.javadoc" value="C:\Program Files\netbeans-5.5\enterprise3\docs\javaee5-doc-api.zip"></property>
    <property name="Env-ComSpec" value="C:\WINDOWS\system32\cmd.exe"></property>
    <property name="javadoc.encoding" value=""></property>
    <property name="javac.classpath" value=""></property>
    <property name="libs.jsfsupport-designtime.javadoc" value="C:\Program Files\netbeans-5.5\rave2.0\docs\appbase-doc.zip;C:\Program Files\netbeans-5.5\rave2.0\docs\dataprovider-doc.zip;C:\Program Files\netbeans-5.5\rave2.0\docs\jsfcl-doc.zip"></property>
    <property name="netbeans.system_http_non_proxy_hosts" value=""></property>
    <property name="netbeans.home" value="C:\Program Files\netbeans-5.5\platform6"></property>
    <property name="build.compiler.emacs" value="true"></property>
    <property name="Env-LIB" value="C:\Program Files\Microsoft Visual Studio\VC98\mfc\lib;C:\Program Files\Microsoft Visual Studio\VC98\lib;C:\Program Files\Microsoft Visual Studio .NET 2003\SDK\v1.1\Lib\"></property>
    <property name="Env-PROCESSOR_ARCHITECTURE" value="x86"></property>
    <property name="libs.jdbcsupport-runtime.javadoc" value="C:\Program Files\netbeans-5.5\rave2.0\docs\rowset-doc.zip"></property>
    <property name="java.endorsed.dirs" value="C:\Program Files\Java\jdk1.6.0\jre\lib\endorsed"></property>
    <property name="test.includes" value="com/tradewright/tradebuild/tickutils/TickDataEncoderATest.java"></property>
    <property name="netbeans.dynamic.classpath" value="C:\Program Files\netbeans-5.5\platform6\core\core.jar;C:\Program Files\netbeans-5.5\platform6\core\org-openide-filesystems.jar;C:\Program Files\netbeans-5.5\nb5.5\core\org-netbeans-upgrader.jar;C:\Program Files\netbeans-5.5\nb5.5\core\locale\core_nb.jar;C:\Program Files\netbeans-5.5\ide7\core\org-netbeans-modules-utilities-cli.jar"></property>
    <property name="Env-HOMEDRIVE" value="C:"></property>
    <property name="java.vm.specification.version" value="1.0"></property>
    <property name="libs.EJB_SUPPORT_LIB.classpath" value="C:\Program Files\netbeans-5.5\rave2.0\modules\ext\ejb20.jar"></property>
    <property name="netbeans.autoupdate.language" value="en"></property>
    <property name="Env-USERPROFILE" value="C:\Documents and Settings\RLK"></property>
    <property name="java.vendor" value="Sun Microsystems Inc."></property>
    <property name="env-userdnsdomain" value="AULTAN.COM"></property>
    <property name="env-processor_identifier" value="x86 Family 15 Model 2 Stepping 4, GenuineIntel"></property>
    <property name="env-logonserver" value="\\CELERY2"></property>
    <property name="javac.debug" value="true"></property>
    <property name="javadoc.splitindex" value="true"></property>
    <property name="file.separator" value="\"></property>
    <property name="libs.EJB_SUPPORT_LIB.javadoc" value=""></property>
    <property name="netbeans.buildnumber" value="200610171010,Visual Web Pack 061127_6"></property>
    <property name="user.variant" value=""></property>
    <property name="libs.webui-runtime.classpath" value="C:\Program Files\netbeans-5.5\rave2.0\modules\ext\webui.jar;C:\Program Files\netbeans-5.5\rave2.0\modules\ext\commons-fileupload.jar"></property>
    <property name="sun.java.launcher" value="SUN_STANDARD"></property>
    <property name="libs.junit.classpath" value="C:\Program Files\netbeans-5.5\ide7\modules\ext\junit-3.8.1.jar"></property>
    <property name="env-include" value="C:\Program Files\Microsoft Visual Studio\VC98\atl\include;C:\Program Files\Microsoft Visual Studio\VC98\mfc\include;C:\Program Files\Microsoft Visual Studio .NET 2003\SDK\v1.1\include\;C:\Program Files\Microsoft Visual Studio\VC98\Include"></property>
    <property name="libs.struts.classpath" value="C:\Program Files\netbeans-5.5\enterprise3\modules\ext\struts\antlr.jar;C:\Program Files\netbeans-5.5\enterprise3\modules\ext\struts\commons-beanutils.jar;C:\Program Files\netbeans-5.5\enterprise3\modules\ext\struts\commons-digester.jar;C:\Program Files\netbeans-5.5\enterprise3\modules\ext\struts\commons-fileupload.jar;C:\Program Files\netbeans-5.5\enterprise3\modules\ext\struts\commons-logging.jar;C:\Program Files\netbeans-5.5\enterprise3\modules\ext\struts\commons-validator.jar;C:\Program Files\netbeans-5.5\enterprise3\modules\ext\struts\jakarta-oro.jar;C:\Program Files\netbeans-5.5\enterprise3\modules\ext\struts\struts.jar"></property>
    <property name="libs.woodstock-theme-default.classpath" value="C:\Program Files\netbeans-5.5\rave2.0\modules\ext\webui-jsf-suntheme.jar"></property>
    <property name="org.openide.awt.SwingBrowserImpl.do-not-block-awt" value="false"></property>
    <property name="ant.home" value="C:\Program Files\netbeans-5.5\ide7\ant"></property>
    <property name="Env-USERDOMAIN" value="AULTAN"></property>
    <property name="ant.java.version" value="1.5"></property>
    <property name="java.library.path" value="C:\Program Files\Java\jdk1.6.0\jre\bin;.;C:\WINDOWS\Sun\Java\bin;C:\WINDOWS\system32;C:\WINDOWS;C:\WINDOWS\system32;C:\WINDOWS;C:\WINDOWS\System32\Wbem;C:\Program Files\Common Files\Adaptec Shared\System;C:\Program Files\Microsoft SQL Server\80\Tools\BINN;c:\Program Files\Microsoft SQL Server\90\Tools\binn\;C:\Program Files\MySQL\MySQL Server 5.0\bin;C:\Program Files\Microsoft Visual Studio\VC98\Bin;C:\Program Files\Microsoft Visual Studio\VB98;C:\Program Files\Microsoft Visual Studio\VC98\Include;C:\Program Files\Visual Haskell\bin;C:\Program Files\Visual Haskell\gcc-lib;C:\Jts;C:\Program Files\Smart Projects\IsoBuster;C:\Program Files\Sandcastle\ProductionTools\;C:\Program Files\Microsoft Visual Studio\Common\Tools\WinNT;C:\Program Files\Microsoft Visual Studio\Common\Tools;C:\Program Files\Microsoft Visual Studio\VC98\bin;C:\WINDOWS\Microsoft.NET\Framework\v2.0.50727;C:\Program Files\Microsoft Visual Studio 8\SDK\v2.0\Bin;C:\cygwin\bin"></property>
    <property name="javadoc.author" value="false"></property>
    <property name="https.proxyPort" value=""></property>
    <property name="libs.jaxws20.src" value=""></property>
    <property name="libs.jaxrpc16.javadoc" value=""></property>
    <property name="sun.arch.data.model" value="32"></property>
    <property name="basedir" value="C:\Projects\TradeBuildJ\TickUtils"></property>
    <property name="jar.compress" value="false"></property>
    <property name="libs.jstl11.classpath" value="C:\Program Files\netbeans-5.5\enterprise3\modules\ext\standard.jar;C:\Program Files\netbeans-5.5\enterprise3\modules\ext\jstl.jar"></property>
    <property name="path.separator" value=";"></property>
    <property name="sun.io.unicode.encoding" value="UnicodeLittle"></property>
    <property name="libs.struts.src" value=""></property>
    <property name="Env-APPDATA" value="C:\Documents and Settings\RLK\Application Data"></property>
    <property name="env-fp_no_host_check" value="NO"></property>
    <property name="user.language" value="en"></property>
    <property name="Env-windir" value="C:\WINDOWS"></property>
    <property name="env-programfiles" value="C:\Program Files"></property>
    <property name="run.test.classpath" value=":build/classes:C:\Program Files\netbeans-5.5\ide7\modules\ext\junit-3.8.1.jar:build/test/classes"></property>
    <property name="libs.swing-layout.javadoc" value="C:\Program Files\netbeans-5.5\platform6\docs\swing-layout-1.0-doc.zip"></property>
    <property name="Env-PATHEXT" value=".COM;.EXE;.BAT;.CMD;.VBS;.VBE;.JS;.JSE;.WSF;.WSH"></property>
    <property name="env-number_of_processors" value="1"></property>
    <property name="libs.commons-logging-1-0-4.classpath" value="C:\Program Files\netbeans-5.5\ide7\modules\ext\commons-logging-1.0.4.jar"></property>
    <property name="platform_code" value="Windows_x86"></property>
    <property name="https.nonProxyHosts" value="localhost|127.0.0.1|GIGI|GIGI.aultan.com"></property>
    <property name="java.class.version" value="50.0"></property>
    <property name="netbeans.system_http_proxy" value="DIRECT"></property>
    <property name="user.properties.file" value="C:\Documents and Settings\RLK\.netbeans\5.5\build.properties"></property>
    <property name="libs.EJB_SUPPORT_LIB.src" value=""></property>
    <property name="file.encoding.pkg" value="sun.io"></property>
    <property name="sun.cpu.endian" value="little"></property>
    <property name="libs.WEBSVC_SUPPORT_LIB.classpath" value="C:\Program Files\netbeans-5.5\rave2.0\modules\ext\rave-activation.jar;C:\Program Files\netbeans-5.5\rave2.0\modules\ext\rave-jaxp-api.jar;C:\Program Files\netbeans-5.5\rave2.0\modules\ext\rave-jax-qname.jar;C:\Program Files\netbeans-5.5\rave2.0\modules\ext\rave-jaxrpc-api.jar;C:\Program Files\netbeans-5.5\rave2.0\modules\ext\rave-jaxrpc-impl.jar;C:\Program Files\netbeans-5.5\rave2.0\modules\ext\rave-jaxrpc-spi.jar;C:\Program Files\netbeans-5.5\rave2.0\modules\ext\rave-mail.jar;C:\Program Files\netbeans-5.5\rave2.0\modules\ext\rave-relaxngDatatype.jar;C:\Program Files\netbeans-5.5\rave2.0\modules\ext\rave-saaj-api.jar;C:\Program Files\netbeans-5.5\rave2.0\modules\ext\rave-saaj-impl.jar;C:\Program Files\netbeans-5.5\rave2.0\modules\ext\rave-xsdlib.jar"></property>
    <property name="Env-DXROOT" value="C:\Program Files\Sandcastle\"></property>
    <property name="libs.jsfsupport-designtime.classpath" value="C:\Program Files\netbeans-5.5\rave2.0\modules\ext\jsfcl.jar;C:\Program Files\netbeans-5.5\rave2.0\modules\ext\dataprovider.jar;C:\Program Files\netbeans-5.5\rave2.0\modules\ext\appbase.jar"></property>
    <property name="env-username" value="RLK"></property>
    <property name="env-homepath" value="\Documents and Settings\RLK"></property>
    <property name="javadoc.preview" value="true"></property>
    <property name="nbplatform.default.harness.dir" value="C:\Program Files\netbeans-5.5/harness"></property>
    <property name="java.home" value="C:\Program Files\Java\jdk1.6.0\jre"></property>
    <property name="copyfiles.classpath" value="C:\Program Files\netbeans-5.5\enterprise3\ant\extra\copyfiles.jar"></property>
    <property name="debug.test.classpath" value=":build/classes:C:\Program Files\netbeans-5.5\ide7\modules\ext\junit-3.8.1.jar:build/test/classes"></property>
    <property name="netbeans.importclass" value="org.netbeans.upgrade.AutoUpgrade"></property>
    <property name="libs.webui-designtime.src" value="C:\Program Files\netbeans-5.5\rave2.0\docs\webui-src.zip"></property>
    <property name="libs.jsf.javadoc" value="C:\Program Files\netbeans-5.5\enterprise3\docs\javaee5-doc-api.zip"></property>
    <property name="env-sessionname" value="Console"></property>
    <property name="org.openide.TopManager" value="org.netbeans.core.NonGui"></property>
    <property name="env-commonprogramfiles" value="C:\Program Files\Common Files"></property>
    <property name="libs.exceptionhandler-runtime.javadoc" value=""></property>
    <property name="libs.jsfsupport-runtime.classpath" value="C:\Program Files\netbeans-5.5\rave2.0\modules\ext\jsfcl.jar;C:\Program Files\netbeans-5.5\rave2.0\modules\ext\dataprovider.jar;C:\Program Files\netbeans-5.5\rave2.0\modules\ext\appbase.jar"></property>
    <property name="env-processor_level" value="15"></property>
    <property name="http.nonProxyHosts" value="localhost|127.0.0.1|GIGI|GIGI.aultan.com"></property>
    <property name="Env-PROCESSOR_IDENTIFIER" value="x86 Family 15 Model 2 Stepping 4, GenuineIntel"></property>
    <property name="libs.toplink.src" value=""></property>
    <property name="libs.jsf12-support.javadoc" value="C:\Program Files\netbeans-5.5\rave2.0\docs\appbase-doc.zip;C:\Program Files\netbeans-5.5\rave2.0\docs\dataprovider-doc.zip;C:\Program Files\netbeans-5.5\rave2.0\docs\jsfcl-doc.zip"></property>
    <property name="run.classpath" value=":build/classes"></property>
    <property name="libs.jaxb20.src" value=""></property>
    <property name="Env-SystemRoot" value="C:\WINDOWS"></property>
    <property name="libs.theme-default.runtime" value="C:\Program Files\netbeans-5.5\rave2.0\modules\ext\defaulttheme.jar"></property>
    <property name="libs.commons-logging-1-0-4.src" value=""></property>
    <property name="http.proxyHost" value=""></property>
    <property name="Env-TEMP" value="C:\DOCUME~1\RLK\LOCALS~1\Temp"></property>
    <property name="libs.WEBSVC_SUPPORT_LIB.src" value=""></property>
    <property name="sun.management.compiler" value="HotSpot Client Compiler"></property>
    <property name="javac.deprecation" value="false"></property>
    <property name="javadoc.use" value="true"></property>
    <property name="libs.jdbcsupport-runtime.src" value=""></property>
    <property name="libs.theme-default-gray.classpath" value="C:\Program Files\netbeans-5.5\rave2.0\modules\ext\defaulttheme-gray.jar"></property>
    <property name="libs.jsf.src" value=""></property>
    <property name="javac.compilerargs" value=""></property>
    <property name="ant.file" value="C:\Projects\TradeBuildJ\TickUtils\build.xml"></property>
    <property name="env-tmp" value="C:\DOCUME~1\RLK\LOCALS~1\Temp"></property>
    <property name="Env-SystemDrive" value="C:"></property>
    <property name="sun.awt.exception.handler" value="org.netbeans.core.NbErrorManager$AWTHandler"></property>
    <property name="Env-CommonProgramFiles" value="C:\Program Files\Common Files"></property>
    <property name="env-dxroot" value="C:\Program Files\Sandcastle\"></property>
    <property name="java.vm.specification.vendor" value="Sun Microsystems Inc."></property>
    <property name="libs.swing-layout.src" value=""></property>
    <property name="org.openide.major.version" value="IDE/1"></property>
    <property name="java.vm.name" value="Java HotSpot(TM) Client VM"></property>
    <property name="netbeans.user" value="C:\Documents and Settings\RLK\.netbeans\5.5"></property>
    <property name="javadoc.additionalparam" value=""></property>
    <property name="java.io.tmpdir" value="C:\DOCUME~1\RLK\LOCALS~1\Temp\"></property>
    <property name="java.vendor.url" value="http://java.sun.com/"></property>
    <property name="env-=::" value="::\"></property>
    <property name="jspc.classpath" value="C:\Program Files\netbeans-5.5\ide7\ant\lib\ant.jar:C:\Program Files\netbeans-5.5\enterprise3\modules\ext\servlet2.5-jsp2.1-api.jar:${j2ee.platform.classpath}:C:\Program Files\netbeans-5.5\enterprise3\modules\ext\glassfish-jspparser.jar:C:\Program Files\netbeans-5.5\enterprise3\modules\ext\glassfish-logging.jar:C:\Program Files\netbeans-5.5\ide7\modules\ext\commons-logging-1.0.4.jar"></property>
    <property name="env-appdata" value="C:\Documents and Settings\RLK\Application Data"></property>
    <property name="Env-ProgramFiles" value="C:\Program Files"></property>
    <property name="env-windir" value="C:\WINDOWS"></property>
    <property name="Env-VS71COMNTOOLS" value="C:\Program Files\Microsoft Visual Studio .NET 2003\Common7\Tools\"></property>
    <property name="sun.boot.library.path" value="C:\Program Files\Java\jdk1.6.0\jre\bin"></property>
    <property name="have.sources" value="true"></property>
    <property name="debug.classpath" value=":build/classes"></property>
    <property name="libs.woodstock-theme-default.runtime" value="C:\Program Files\netbeans-5.5\rave2.0\modules\ext\webui-jsf-suntheme.jar"></property>
    <property name="libs.jsf-designtime.javadoc" value="C:\Program Files\netbeans-5.5\rave2.0\docs\jsf_1.1-doc.zip"></property>
    <property name="javadoc.private" value="false"></property>
    <property name="test.src.dir" value="test"></property>
    <property name="meta.inf.dir" value="src/META-INF"></property>
    <property name="env-pathext" value=".COM;.EXE;.BAT;.CMD;.VBS;.VBE;.JS;.JSE;.WSF;.WSH"></property>
    <property name="Env-ALLUSERSPROFILE" value="C:\Documents and Settings\All Users"></property>
    <property name="dist.jar" value="dist/TickUtils.jar"></property>
    <property name="Env-LOGONSERVER" value="\\CELERY2"></property>
    <property name="java.runtime.name" value="Java(TM) SE Runtime Environment"></property>
    <property name="env-comspec" value="C:\WINDOWS\system32\cmd.exe"></property>
    <property name="Env-=::" value="::\"></property>
    <property name="ant.project.name" value="TickUtils"></property>
    <property name="netbeans.hash.code" value="unique=NB_CRE1113886726"></property>
    <property name="libs.jdbcsupport-designtime.javadoc" value="C:\Program Files\netbeans-5.5\rave2.0\docs\rowset-doc.zip"></property>
    <property name="sun.cpu.isalist" value=""></property>
    <property name="Env-FP_NO_HOST_CHECK" value="NO"></property>
    <property name="libs.CopyLibs.javadoc" value=""></property>
    <property name="org.openide.specification.version" value="6.2"></property>
    <property name="user.home" value="C:\Documents and Settings\RLK"></property>
    <property name="libs.exceptionhandler-runtime.classpath" value="C:\Program Files\netbeans-5.5\rave2.0\modules\ext\errorhandler.jar"></property>
    <property name="libs.jsf-designtime.classpath" value="C:\Program Files\netbeans-5.5\rave2.0\modules\ext\jsf-api.jar;C:\Program Files\netbeans-5.5\rave2.0\modules\ext\jsf-impl.jar"></property>
    <property name="libs.jaxws20.classpath" value="C:\Program Files\netbeans-5.5\ide7\modules\ext\jaxws20\activation.jar;C:\Program Files\netbeans-5.5\ide7\modules\ext\jaxws20\FastInfoset.jar;C:\Program Files\netbeans-5.5\ide7\modules\ext\jaxws20\http.jar;C:\Program Files\netbeans-5.5\ide7\modules\ext\jaxws20\jaxb-api.jar;C:\Program Files\netbeans-5.5\ide7\modules\ext\jaxws20\jaxb-impl.jar;C:\Program Files\netbeans-5.5\ide7\modules\ext\jaxws20\jaxb-xjc.jar;C:\Program Files\netbeans-5.5\ide7\modules\ext\jaxws20\jaxws-api.jar;C:\Program Files\netbeans-5.5\ide7\modules\ext\jaxws20\jaxws-rt.jar;C:\Program Files\netbeans-5.5\ide7\modules\ext\jaxws20\jaxws-tools.jar;C:\Program Files\netbeans-5.5\ide7\modules\ext\jaxws20\jsr173_api.jar;C:\Program Files\netbeans-5.5\ide7\modules\ext\jaxws20\jsr181-api.jar;C:\Program Files\netbeans-5.5\ide7\modules\ext\jaxws20\jsr250-api.jar;C:\Program Files\netbeans-5.5\ide7\modules\ext\jaxws20\saaj-api.jar;C:\Program Files\netbeans-5.5\ide7\modules\ext\jaxws20\saaj-impl.jar;C:\Program Files\netbeans-5.5\ide7\modules\ext\jaxws20\sjsxp.jar"></property>
    <property name="netbeans.osenv" value="C:\DOCUME~1\RLK\LOCALS~1\Temp\nbenv3"></property>
    <property name="libs.absolutelayout.javadoc" value=""></property>
    <property name="java.specification.name" value="Java Platform API Specification"></property>
    <property name="libs.woodstock-components.classpath" value="C:\Program Files\netbeans-5.5\rave2.0\modules\ext\webui-jsf.jar;C:\Program Files\netbeans-5.5\rave2.0\modules\ext\commons-fileupload.jar;C:\Program Files\netbeans-5.5\rave2.0\modules\ext\json2.jar"></property>
    <property name="libs.jsf.classpath" value="C:\Program Files\netbeans-5.5\enterprise3\modules\ext\jsf\commons-beanutils.jar;C:\Program Files\netbeans-5.5\enterprise3\modules\ext\jsf\commons-collections.jar;C:\Program Files\netbeans-5.5\enterprise3\modules\ext\jsf\commons-digester.jar;C:\Program Files\netbeans-5.5\enterprise3\modules\ext\jsf\commons-logging.jar;C:\Program Files\netbeans-5.5\enterprise3\modules\ext\jsf\jsf-api.jar;C:\Program Files\netbeans-5.5\enterprise3\modules\ext\jsf\jsf-impl.jar"></property>
    <property name="java.specification.vendor" value="Sun Microsystems Inc."></property>
    <property name="libs.jdbcsupport-designtime.src" value=""></property>
    <property name="Env-OS" value="Windows_NT"></property>
    <property name="java.version" value="1.6.0"></property>
    <property name="javadoc.version" value="false"></property>
    <property name="org.openide.version" value="deprecated"></property>
    <property name="env-vs71comntools" value="C:\Program Files\Microsoft Visual Studio .NET 2003\Common7\Tools\"></property>
    <property name="Env-PROCESSOR_LEVEL" value="15"></property>
    <property name="libs.jsf12-support.src" value="C:\Program Files\netbeans-5.5\rave2.0\docs\appbase-src.zip;C:\Program Files\netbeans-5.5\rave2.0\docs\dataprovider-src.zip;C:\Program Files\netbeans-5.5\rave2.0\docs\jsfcl-src.zip"></property>
    <property name="netbeans.home+have.tests" value="true"></property>
    <property name="derbyPort" value="1527"></property>
    <property name="libs.WEBSVC_SUPPORT_LIB.javadoc" value=""></property>
    <property name="work.dir" value="C:\Projects\TradeBuildJ\TickUtils"></property>
    <property name="dist.javadoc.dir" value="dist/javadoc"></property>
    <property name="libs.swing-layout.classpath" value="C:\Program Files\netbeans-5.5\platform6\modules\ext\swing-layout-1.0.jar"></property>
    <property name="env-lib" value="C:\Program Files\Microsoft Visual Studio\VC98\mfc\lib;C:\Program Files\Microsoft Visual Studio\VC98\lib;C:\Program Files\Microsoft Visual Studio .NET 2003\SDK\v1.1\Lib\"></property>
    <property name="build.generated.dir" value="build/generated"></property>
    <property name="javac.source" value="1.6"></property>
    <property name="line.separator" value="
"></property>
    <property name="java.specification.version" value="1.6"></property>
    <property name="libs.jaxws20.javadoc" value=""></property>
    <property name="java.vm.info" value="mixed mode, sharing"></property>
    <property name="libs.jsf12-support.classpath" value="C:\Program Files\netbeans-5.5\rave2.0\modules\ext\jsfcl.jar;C:\Program Files\netbeans-5.5\rave2.0\modules\ext\dataprovider.jar;C:\Program Files\netbeans-5.5\rave2.0\modules\ext\appbase.jar"></property>
    <property name="sun.boot.class.path" value="C:\Program Files\Java\jdk1.6.0\jre\lib\resources.jar;C:\Program Files\Java\jdk1.6.0\jre\lib\rt.jar;C:\Program Files\Java\jdk1.6.0\jre\lib\sunrsasign.jar;C:\Program Files\Java\jdk1.6.0\jre\lib\jsse.jar;C:\Program Files\Java\jdk1.6.0\jre\lib\jce.jar;C:\Program Files\Java\jdk1.6.0\jre\lib\charsets.jar;C:\Program Files\Java\jdk1.6.0\jre\classes"></property>
    <property name="javac.target" value="1.6"></property>
    <property name="libs.woodstock-components.javadoc" value="C:\Program Files\netbeans-5.5\rave2.0\docs\webui-jsf-doc.zip;C:\Program Files\netbeans-5.5\rave2.0\docs\portlet-doc.zip"></property>
    <property name="build.test.classes.dir" value="build/test/classes"></property>
    <property name="netbeans.osenv.nullsep" value="true"></property>
    <property name="src.dir" value="src"></property>
    <property name="sun.awt.keepWorkingSetOnMinimize" value="true"></property>
    <property name="nbplatform.default.netbeans.dest.dir" value="C:\Program Files\netbeans-5.5"></property>
    <property name="env-systemdrive" value="C:"></property>
    <property name="libs.struts.javadoc" value="C:\Program Files\netbeans-5.5\enterprise3\docs\struts-1.2.9-javadoc.zip"></property>
    <property name="dist.dir" value="dist"></property>
    <property name="libs.webui-designtime.classpath" value="C:\Program Files\netbeans-5.5\rave2.0\modules\ext\webui.jar;C:\Program Files\netbeans-5.5\rave2.0\modules\ext\commons-fileupload.jar"></property>
    <property name="Env-SESSIONNAME" value="Console"></property>
    <property name="http.proxyPort" value=""></property>
    <property name="Env-USERNAME" value="RLK"></property>
    <property name="java.awt.printerjob" value="sun.awt.windows.WPrinterJob"></property>
    <property name="Env-HOMEPATH" value="\Documents and Settings\RLK"></property>
    <property name="default.javac.source" value="1.6"></property>
    <property name="env-homedrive" value="C:"></property>
    <property name="sun.jnu.encoding" value="Cp1252"></property>
    <property name="env-userdomain" value="AULTAN"></property>
    <property name="Env-COMPUTERNAME" value="GIGI"></property>
    <property name="libs.woodstock-components.src" value="C:\Program Files\netbeans-5.5\rave2.0\docs\webui-jsf-src.zip"></property>
    <property name="java.runtime.version" value="1.6.0-b105"></property>
    <property name="build.test.results.dir" value="build/test/results"></property>
    <property name="env-allusersprofile" value="C:\Documents and Settings\All Users"></property>
    <property name="default.javac.target" value="1.6"></property>
    <property name="ant.file.TickUtils" value="C:\Projects\TradeBuildJ\TickUtils\build.xml"></property>
    <property name="user.timezone" value=""></property>
    <property name="Env-PROCESSOR_REVISION" value="0204"></property>
    <property name="libs.jsfsupport-designtime.src" value="C:\Program Files\netbeans-5.5\rave2.0\docs\appbase-src.zip;C:\Program Files\netbeans-5.5\rave2.0\docs\dataprovider-src.zip;C:\Program Files\netbeans-5.5\rave2.0\docs\jsfcl-src.zip"></property>
    <property name="netbeans.dirs" value="C:\Program Files\netbeans-5.5\nb5.5;C:\Program Files\netbeans-5.5\ide7;C:\Program Files\netbeans-5.5\enterprise3;C:\Program Files\netbeans-5.5\harness;C:\Program Files\netbeans-5.5\rave2.0"></property>
    <property name="java.ext.dirs" value="C:\Program Files\Java\jdk1.6.0\jre\lib\ext;C:\WINDOWS\Sun\Java\lib\ext"></property>
    <property name="libs.exceptionhandler-runtime.src" value=""></property>
    <property name="libs.absolutelayout.classpath" value="C:\Program Files\netbeans-5.5\ide7\modules\ext\AbsoluteLayout.jar"></property>
    <property name="java.class.path" value="C:\Projects\TradeBuildJ\TickUtils\build\classes;C:\Program Files\netbeans-5.5\ide7\modules\ext\junit-3.8.1.jar;C:\Projects\TradeBuildJ\TickUtils\build\test\classes;C:\Program Files\netbeans-5.5\ide7\ant\lib\ant-launcher.jar;C:\Program Files\netbeans-5.5\ide7\ant\lib\ant.jar;C:\Program Files\netbeans-5.5\ide7\ant\lib\ant-junit.jar"></property>
    <property name="apple.laf.useScreenMenuBar" value="true"></property>
    <property name="libs.webui-designtime.javadoc" value="C:\Program Files\netbeans-5.5\rave2.0\docs\webui-doc.zip;C:\Program Files\netbeans-5.5\rave2.0\docs\portlet-doc.zip"></property>
    <property name="env-userprofile" value="C:\Documents and Settings\RLK"></property>
    <property name="libs.absolutelayout.src" value=""></property>
    <property name="os.version" value="5.1"></property>
    <property name="application.args" value=""></property>
    <property name="libs.toplink.javadoc" value=""></property>
    <property name="sun.desktop" value="windows"></property>
    <property name="libs.jaxb20.javadoc" value=""></property>
    <property name="java.awt.graphicsenv" value="sun.awt.Win32GraphicsEnvironment"></property>
    <property name="rave.version" value="2.0.0"></property>
    <property name="java.vm.vendor" value="Sun Microsystems Inc."></property>
    <property name="libs.CopyLibs.classpath" value="C:\Program Files\netbeans-5.5\ide7\ant\extra\org-netbeans-modules-java-j2seproject-copylibstask.jar"></property>
    <property name="run.jvmargs" value=""></property>
    <property name="env-processor_architecture" value="x86"></property>
    <property name="Env-NUMBER_OF_PROCESSORS" value="1"></property>
    <property name="env-temp" value="C:\DOCUME~1\RLK\LOCALS~1\Temp"></property>
    <property name="libs.junit.src" value=""></property>
    <property name="libs.CopyLibs.src" value=""></property>
    <property name="build.dir" value="build"></property>
    <property name="ant.version" value="Apache Ant version 1.6.5 compiled on June 2 2005"></property>
    <property name="file.encoding" value="Cp1252"></property>
    <property name="build.classes.excludes" value="**/*.java,**/*.form"></property>
    <property name="javadoc.nonavbar" value="false"></property>
    <property name="platform.active" value="default_platform"></property>
    <property name="https.proxyHost" value=""></property>
    <property name="awt.toolkit" value="sun.awt.windows.WToolkit"></property>
  </properties>
  <testcase classname="com.tradewright.tradebuild.tickutils.TickDataEncoderATest" name="testEncode" time="0.031"></testcase>
  <system-out><![CDATA[encode
]]></system-out>
  <system-err><![CDATA[]]></system-err>
</testsuite>
